<?xml version="1.0" encoding="UTF-8"?>
<coverage generated="1520246562">
  <project timestamp="1520246562">
    <package name="HeimrichHannot\UtilsBundle\Arrays">
      <file name="/home/travis/build/heimrichhannot/contao-utils-bundle/src/Arrays/ArrayUtil.php">
        <class name="ArrayUtil" namespace="HeimrichHannot\UtilsBundle\Arrays">
          <metrics complexity="12" methods="4" coveredmethods="4" conditionals="0" coveredconditionals="0" statements="24" coveredstatements="24" elements="28" coveredelements="28"/>
        </class>
        <line num="19" type="method" name="__construct" visibility="public" complexity="1" crap="1" count="35"/>
        <line num="21" type="stmt" count="35"/>
        <line num="22" type="stmt" count="35"/>
        <line num="32" type="method" name="filterByPrefixes" visibility="public" complexity="6" crap="6" count="1"/>
        <line num="34" type="stmt" count="1"/>
        <line num="36" type="stmt" count="1"/>
        <line num="37" type="stmt" count="1"/>
        <line num="40" type="stmt" count="1"/>
        <line num="41" type="stmt" count="1"/>
        <line num="42" type="stmt" count="1"/>
        <line num="43" type="stmt" count="1"/>
        <line num="48" type="stmt" count="1"/>
        <line num="56" type="method" name="aasort" visibility="public" complexity="3" crap="3" count="2"/>
        <line num="58" type="stmt" count="2"/>
        <line num="59" type="stmt" count="2"/>
        <line num="60" type="stmt" count="2"/>
        <line num="62" type="stmt" count="2"/>
        <line num="63" type="stmt" count="2"/>
        <line num="66" type="stmt" count="2"/>
        <line num="68" type="stmt" count="2"/>
        <line num="69" type="stmt" count="2"/>
        <line num="72" type="stmt" count="2"/>
        <line num="73" type="stmt" count="2"/>
        <line num="83" type="method" name="removeValue" visibility="public" complexity="2" crap="2" count="3"/>
        <line num="85" type="stmt" count="3"/>
        <line num="86" type="stmt" count="3"/>
        <line num="88" type="stmt" count="3"/>
        <line num="91" type="stmt" count="1"/>
        <metrics loc="93" ncloc="66" classes="1" methods="4" coveredmethods="4" conditionals="0" coveredconditionals="0" statements="24" coveredstatements="24" elements="28" coveredelements="28"/>
      </file>
    </package>
    <package name="HeimrichHannot\UtilsBundle\Cache">
      <file name="/home/travis/build/heimrichhannot/contao-utils-bundle/src/Cache/RemoteImageCache.php">
        <class name="RemoteImageCache" namespace="HeimrichHannot\UtilsBundle\Cache">
          <metrics complexity="10" methods="2" coveredmethods="2" conditionals="0" coveredconditionals="0" statements="17" coveredstatements="17" elements="19" coveredelements="19"/>
        </class>
        <line num="23" type="method" name="__construct" visibility="public" complexity="1" crap="1" count="2"/>
        <line num="25" type="stmt" count="2"/>
        <line num="26" type="stmt" count="2"/>
        <line num="41" type="method" name="get" visibility="public" complexity="9" crap="9" count="1"/>
        <line num="43" type="stmt" count="1"/>
        <line num="45" type="stmt" count="1"/>
        <line num="46" type="stmt" count="1"/>
        <line num="47" type="stmt" count="1"/>
        <line num="48" type="stmt" count="1"/>
        <line num="50" type="stmt" count="1"/>
        <line num="53" type="stmt" count="1"/>
        <line num="55" type="stmt" count="1"/>
        <line num="56" type="stmt" count="1"/>
        <line num="59" type="stmt" count="1"/>
        <line num="61" type="stmt" count="1"/>
        <line num="62" type="stmt" count="1"/>
        <line num="65" type="stmt" count="1"/>
        <line num="66" type="stmt" count="1"/>
        <line num="68" type="stmt" count="1"/>
        <metrics loc="70" ncloc="49" classes="1" methods="2" coveredmethods="2" conditionals="0" coveredconditionals="0" statements="17" coveredstatements="17" elements="19" coveredelements="19"/>
      </file>
    </package>
    <package name="HeimrichHannot\UtilsBundle\Choice">
      <file name="/home/travis/build/heimrichhannot/contao-utils-bundle/src/Choice/AbstractChoice.php">
        <class name="AbstractChoice" namespace="HeimrichHannot\UtilsBundle\Choice">
          <metrics complexity="12" methods="5" coveredmethods="5" conditionals="0" coveredconditionals="0" statements="23" coveredstatements="23" elements="28" coveredelements="28"/>
        </class>
        <line num="49" type="method" name="__construct" visibility="public" complexity="1" crap="1" count="9"/>
        <line num="51" type="stmt" count="9"/>
        <line num="52" type="stmt" count="9"/>
        <line num="53" type="stmt" count="9"/>
        <line num="58" type="method" name="getContext" visibility="public" complexity="1" crap="1" count="6"/>
        <line num="60" type="stmt" count="6"/>
        <line num="66" type="method" name="setContext" visibility="public" complexity="1" crap="1" count="7"/>
        <line num="68" type="stmt" count="7"/>
        <line num="70" type="stmt" count="7"/>
        <line num="73" type="method" name="getChoices" visibility="public" complexity="1" crap="1" count="6"/>
        <line num="75" type="stmt" count="6"/>
        <line num="76" type="stmt" count="6"/>
        <line num="78" type="stmt" count="6"/>
        <line num="81" type="method" name="getCachedChoices" visibility="public" complexity="7" crap="7" count="1"/>
        <line num="84" type="stmt" count="1"/>
        <line num="85" type="stmt" count="1"/>
        <line num="88" type="stmt" count="1"/>
        <line num="91" type="stmt" count="1"/>
        <line num="92" type="stmt" count="1"/>
        <line num="95" type="stmt" count="1"/>
        <line num="97" type="stmt" count="1"/>
        <line num="98" type="stmt" count="1"/>
        <line num="100" type="stmt" count="1"/>
        <line num="101" type="stmt" count="1"/>
        <line num="105" type="stmt" count="1"/>
        <line num="106" type="stmt" count="1"/>
        <line num="108" type="stmt" count="1"/>
        <line num="111" type="stmt" count="1"/>
        <metrics loc="118" ncloc="75" classes="1" methods="5" coveredmethods="5" conditionals="0" coveredconditionals="0" statements="23" coveredstatements="23" elements="28" coveredelements="28"/>
      </file>
      <file name="/home/travis/build/heimrichhannot/contao-utils-bundle/src/Choice/DataContainerChoice.php">
        <class name="DataContainerChoice" namespace="HeimrichHannot\UtilsBundle\Choice">
          <metrics complexity="4" methods="1" coveredmethods="1" conditionals="0" coveredconditionals="0" statements="9" coveredstatements="9" elements="10" coveredelements="10"/>
        </class>
        <line num="18" type="method" name="collect" visibility="protected" complexity="4" crap="4" count="1"/>
        <line num="20" type="stmt" count="1"/>
        <line num="23" type="stmt" count="1"/>
        <line num="25" type="stmt" count="1"/>
        <line num="27" type="stmt" count="1"/>
        <line num="28" type="stmt" count="1"/>
        <line num="31" type="stmt" count="1"/>
        <line num="33" type="stmt" count="1"/>
        <line num="36" type="stmt" count="1"/>
        <line num="38" type="stmt" count="1"/>
        <metrics loc="40" ncloc="31" classes="1" methods="1" coveredmethods="1" conditionals="0" coveredconditionals="0" statements="9" coveredstatements="9" elements="10" coveredelements="10"/>
      </file>
      <file name="/home/travis/build/heimrichhannot/contao-utils-bundle/src/Choice/FieldChoice.php">
        <class name="FieldChoice" namespace="HeimrichHannot\UtilsBundle\Choice">
          <metrics complexity="1" methods="1" coveredmethods="1" conditionals="0" coveredconditionals="0" statements="2" coveredstatements="2" elements="3" coveredelements="3"/>
        </class>
        <line num="18" type="method" name="collect" visibility="protected" complexity="1" crap="1" count="2"/>
        <line num="20" type="stmt" count="2"/>
        <line num="22" type="stmt" count="2"/>
        <metrics loc="24" ncloc="16" classes="1" methods="1" coveredmethods="1" conditionals="0" coveredconditionals="0" statements="2" coveredstatements="2" elements="3" coveredelements="3"/>
      </file>
      <file name="/home/travis/build/heimrichhannot/contao-utils-bundle/src/Choice/MessageChoice.php">
        <class name="MessageChoice" namespace="HeimrichHannot\UtilsBundle\Choice">
          <metrics complexity="4" methods="1" coveredmethods="1" conditionals="0" coveredconditionals="0" statements="14" coveredstatements="14" elements="15" coveredelements="15"/>
        </class>
        <line num="19" type="method" name="collect" visibility="protected" complexity="4" crap="4" count="1"/>
        <line num="21" type="stmt" count="1"/>
        <line num="23" type="stmt" count="1"/>
        <line num="25" type="stmt" count="1"/>
        <line num="26" type="stmt" count="1"/>
        <line num="29" type="stmt" count="1"/>
        <line num="31" type="stmt" count="1"/>
        <line num="32" type="stmt" count="1"/>
        <line num="33" type="stmt" count="1"/>
        <line num="35" type="stmt" count="1"/>
        <line num="36" type="stmt" count="1"/>
        <line num="39" type="stmt" count="1"/>
        <line num="41" type="stmt" count="1"/>
        <line num="42" type="stmt" count="1"/>
        <line num="45" type="stmt" count="1"/>
        <metrics loc="47" ncloc="39" classes="1" methods="1" coveredmethods="1" conditionals="0" coveredconditionals="0" statements="14" coveredstatements="14" elements="15" coveredelements="15"/>
      </file>
      <file name="/home/travis/build/heimrichhannot/contao-utils-bundle/src/Choice/ModelInstanceChoice.php">
        <class name="ModelInstanceChoice" namespace="HeimrichHannot\UtilsBundle\Choice">
          <metrics complexity="13" methods="2" coveredmethods="2" conditionals="0" coveredconditionals="0" statements="20" coveredstatements="20" elements="22" coveredelements="22"/>
        </class>
        <line num="23" type="method" name="collect" visibility="protected" complexity="12" crap="12" count="2"/>
        <line num="25" type="stmt" count="2"/>
        <line num="26" type="stmt" count="2"/>
        <line num="28" type="stmt" count="2"/>
        <line num="30" type="stmt" count="2"/>
        <line num="31" type="stmt" count="1"/>
        <line num="34" type="stmt" count="2"/>
        <line num="35" type="stmt" count="2"/>
        <line num="37" type="stmt" count="2"/>
        <line num="38" type="stmt" count="2"/>
        <line num="40" type="stmt" count="2"/>
        <line num="41" type="stmt" count="2"/>
        <line num="42" type="stmt" count="1"/>
        <line num="44" type="stmt" count="1"/>
        <line num="46" type="stmt" count="1"/>
        <line num="47" type="stmt" count="1"/>
        <line num="48" type="stmt" count="1"/>
        <line num="49" type="stmt" count="1"/>
        <line num="53" type="stmt" count="1"/>
        <line num="57" type="method" name="anonymous function" complexity="1" crap="1" count="2"/>
        <line num="58" type="stmt" count="2"/>
        <line num="59" type="stmt" count="2"/>
        <line num="61" type="stmt" count="2"/>
        <line num="64" type="stmt" count="2"/>
        <line num="65" type="stmt" count="2"/>
        <line num="68" type="stmt" count="2"/>
        <metrics loc="70" ncloc="62" classes="1" methods="2" coveredmethods="2" conditionals="0" coveredconditionals="0" statements="24" coveredstatements="24" elements="26" coveredelements="26"/>
      </file>
    </package>
    <package name="HeimrichHannot\UtilsBundle\Container">
      <file name="/home/travis/build/heimrichhannot/contao-utils-bundle/src/Container/ContainerUtil.php">
        <class name="ContainerUtil" namespace="HeimrichHannot\UtilsBundle\Container">
          <metrics complexity="15" methods="10" coveredmethods="9" conditionals="0" coveredconditionals="0" statements="21" coveredstatements="20" elements="31" coveredelements="29"/>
        </class>
        <line num="22" type="method" name="__construct" visibility="public" complexity="1" crap="1" count="10"/>
        <line num="24" type="stmt" count="10"/>
        <line num="25" type="stmt" count="10"/>
        <line num="32" type="method" name="getActiveBundles" visibility="public" complexity="1" crap="1" count="2"/>
        <line num="34" type="stmt" count="2"/>
        <line num="44" type="method" name="isBundleActive" visibility="public" complexity="1" crap="1" count="1"/>
        <line num="46" type="stmt" count="1"/>
        <line num="49" type="method" name="isBackend" visibility="public" complexity="2" crap="2" count="2"/>
        <line num="51" type="stmt" count="2"/>
        <line num="52" type="stmt" count="1"/>
        <line num="55" type="stmt" count="1"/>
        <line num="58" type="method" name="isFrontend" visibility="public" complexity="2" crap="2" count="2"/>
        <line num="60" type="stmt" count="2"/>
        <line num="61" type="stmt" count="1"/>
        <line num="64" type="stmt" count="1"/>
        <line num="67" type="method" name="getCurrentRequest" visibility="public" complexity="1" crap="1" count="4"/>
        <line num="69" type="stmt" count="4"/>
        <line num="77" type="method" name="log" visibility="public" complexity="2" crap="2.06" count="1"/>
        <line num="79" type="stmt" count="1"/>
        <line num="80" type="stmt" count="1"/>
        <line num="82" type="stmt" count="1"/>
        <line num="83" type="stmt" count="0"/>
        <line num="85" type="method" name="getProjectDir" visibility="public" complexity="1" crap="1" count="1"/>
        <line num="87" type="stmt" count="1"/>
        <line num="90" type="method" name="getWebDir" visibility="public" complexity="1" crap="1" count="1"/>
        <line num="92" type="stmt" count="1"/>
        <line num="106" type="method" name="mergeConfigFile" visibility="public" complexity="3" crap="3" count="1"/>
        <line num="112" type="stmt" count="1"/>
        <line num="113" type="stmt" count="1"/>
        <line num="115" type="stmt" count="1"/>
        <line num="118" type="stmt" count="1"/>
        <metrics loc="120" ncloc="86" classes="1" methods="10" coveredmethods="9" conditionals="0" coveredconditionals="0" statements="21" coveredstatements="20" elements="31" coveredelements="29"/>
      </file>
    </package>
    <package name="HeimrichHannot\UtilsBundle\ContaoManager">
      <file name="/home/travis/build/heimrichhannot/contao-utils-bundle/src/ContaoManager/Plugin.php">
        <class name="Plugin" namespace="HeimrichHannot\UtilsBundle\ContaoManager">
          <metrics complexity="1" methods="1" coveredmethods="1" conditionals="0" coveredconditionals="0" statements="2" coveredstatements="2" elements="3" coveredelements="3"/>
        </class>
        <line num="22" type="method" name="getBundles" visibility="public" complexity="1" crap="1" count="1"/>
        <line num="25" type="stmt" count="1"/>
        <line num="26" type="stmt" count="1"/>
        <metrics loc="29" ncloc="21" classes="1" methods="1" coveredmethods="1" conditionals="0" coveredconditionals="0" statements="2" coveredstatements="2" elements="3" coveredelements="3"/>
      </file>
    </package>
    <package name="HeimrichHannot\UtilsBundle\Database">
      <file name="/home/travis/build/heimrichhannot/contao-utils-bundle/src/Database/DatabaseUtil.php">
        <class name="DatabaseUtil" namespace="HeimrichHannot\UtilsBundle\Database">
          <metrics complexity="96" methods="8" coveredmethods="8" conditionals="0" coveredconditionals="0" statements="240" coveredstatements="240" elements="248" coveredelements="248"/>
        </class>
        <line num="77" type="method" name="__construct" visibility="public" complexity="1" crap="1" count="7"/>
        <line num="79" type="stmt" count="7"/>
        <line num="80" type="stmt" count="7"/>
        <line num="93" type="method" name="processInPieces" visibility="public" complexity="8" crap="8" count="1"/>
        <line num="96" type="stmt" count="1"/>
        <line num="97" type="stmt" count="1"/>
        <line num="99" type="stmt" count="1"/>
        <line num="100" type="stmt" count="1"/>
        <line num="103" type="stmt" count="1"/>
        <line num="104" type="stmt" count="1"/>
        <line num="105" type="stmt" count="1"/>
        <line num="107" type="stmt" count="1"/>
        <line num="108" type="stmt" count="1"/>
        <line num="110" type="stmt" count="1"/>
        <line num="111" type="stmt" count="1"/>
        <line num="114" type="stmt" count="1"/>
        <line num="115" type="stmt" count="1"/>
        <line num="117" type="stmt" count="1"/>
        <line num="118" type="stmt" count="1"/>
        <line num="119" type="stmt" count="1"/>
        <line num="120" type="stmt" count="1"/>
        <line num="122" type="stmt" count="1"/>
        <line num="125" type="stmt" count="1"/>
        <line num="128" type="stmt" count="1"/>
        <line num="132" type="stmt" count="1"/>
        <line num="150" type="method" name="doBulkInsert" visibility="public" complexity="24" crap="24" count="1"/>
        <line num="161" type="stmt" count="1"/>
        <line num="163" type="stmt" count="1"/>
        <line num="164" type="stmt" count="1"/>
        <line num="167" type="stmt" count="1"/>
        <line num="168" type="stmt" count="1"/>
        <line num="169" type="stmt" count="1"/>
        <line num="171" type="stmt" count="1"/>
        <line num="173" type="stmt" count="1"/>
        <line num="174" type="stmt" count="1"/>
        <line num="175" type="stmt" count="1"/>
        <line num="177" type="stmt" count="1"/>
        <line num="180" type="stmt" count="1"/>
        <line num="181" type="stmt" count="1"/>
        <line num="184" type="stmt" count="1"/>
        <line num="187" type="stmt" count="1"/>
        <line num="188" type="stmt" count="1"/>
        <line num="190" type="stmt" count="1"/>
        <line num="191" type="stmt" count="1"/>
        <line num="192" type="stmt" count="1"/>
        <line num="193" type="stmt" count="1"/>
        <line num="194" type="stmt" count="1"/>
        <line num="197" type="stmt" count="1"/>
        <line num="199" type="stmt" count="1"/>
        <line num="200" type="stmt" count="1"/>
        <line num="203" type="stmt" count="1"/>
        <line num="204" type="stmt" count="1"/>
        <line num="206" type="stmt" count="1"/>
        <line num="207" type="stmt" count="1"/>
        <line num="211" type="stmt" count="1"/>
        <line num="212" type="stmt" count="1"/>
        <line num="213" type="stmt" count="1"/>
        <line num="216" type="stmt" count="1"/>
        <line num="220" type="stmt" count="1"/>
        <line num="221" type="stmt" count="1"/>
        <line num="222" type="stmt" count="1"/>
        <line num="224" type="stmt" count="1"/>
        <line num="226" type="stmt" count="1"/>
        <line num="227" type="stmt" count="1"/>
        <line num="230" type="stmt" count="1"/>
        <line num="231" type="stmt" count="1"/>
        <line num="234" type="stmt" count="1"/>
        <line num="235" type="stmt" count="1"/>
        <line num="236" type="stmt" count="1"/>
        <line num="239" type="stmt" count="1"/>
        <line num="240" type="stmt" count="1"/>
        <line num="245" type="stmt" count="1"/>
        <line num="247" type="stmt" count="1"/>
        <line num="249" type="stmt" count="1"/>
        <line num="251" type="stmt" count="1"/>
        <line num="252" type="stmt" count="1"/>
        <line num="254" type="stmt" count="1"/>
        <line num="255" type="stmt" count="1"/>
        <line num="258" type="stmt" count="1"/>
        <line num="260" type="stmt" count="1"/>
        <line num="261" type="stmt" count="1"/>
        <line num="264" type="stmt" count="1"/>
        <line num="266" type="stmt" count="1"/>
        <line num="271" type="stmt" count="1"/>
        <line num="272" type="stmt" count="1"/>
        <line num="274" type="stmt" count="1"/>
        <line num="275" type="stmt" count="1"/>
        <line num="278" type="stmt" count="1"/>
        <line num="280" type="stmt" count="1"/>
        <line num="281" type="stmt" count="1"/>
        <line num="284" type="stmt" count="1"/>
        <line num="295" type="method" name="createWhereForSerializedBlob" visibility="public" complexity="6" crap="6" count="1"/>
        <line num="297" type="stmt" count="1"/>
        <line num="298" type="stmt" count="1"/>
        <line num="300" type="stmt" count="1"/>
        <line num="301" type="stmt" count="1"/>
        <line num="304" type="stmt" count="1"/>
        <line num="305" type="stmt" count="1"/>
        <line num="306" type="stmt" count="1"/>
        <line num="309" type="stmt" count="1"/>
        <line num="311" type="stmt" count="1"/>
        <line num="313" type="stmt" count="1"/>
        <line num="315" type="stmt" count="1"/>
        <line num="318" type="stmt" count="1"/>
        <line num="329" type="method" name="transformVerboseOperator" visibility="public" complexity="13" crap="13" count="2"/>
        <line num="332" type="stmt" count="2"/>
        <line num="333" type="stmt" count="2"/>
        <line num="335" type="stmt" count="2"/>
        <line num="336" type="stmt" count="2"/>
        <line num="338" type="stmt" count="2"/>
        <line num="339" type="stmt" count="2"/>
        <line num="341" type="stmt" count="2"/>
        <line num="342" type="stmt" count="2"/>
        <line num="344" type="stmt" count="2"/>
        <line num="345" type="stmt" count="2"/>
        <line num="347" type="stmt" count="2"/>
        <line num="348" type="stmt" count="2"/>
        <line num="350" type="stmt" count="2"/>
        <line num="351" type="stmt" count="2"/>
        <line num="353" type="stmt" count="2"/>
        <line num="354" type="stmt" count="2"/>
        <line num="356" type="stmt" count="2"/>
        <line num="357" type="stmt" count="2"/>
        <line num="359" type="stmt" count="2"/>
        <line num="360" type="stmt" count="2"/>
        <line num="361" type="stmt" count="2"/>
        <line num="362" type="stmt" count="2"/>
        <line num="363" type="stmt" count="2"/>
        <line num="364" type="stmt" count="2"/>
        <line num="368" type="stmt" count="1"/>
        <line num="380" type="method" name="computeCondition" visibility="public" complexity="26" crap="26" count="1"/>
        <line num="382" type="stmt" count="1"/>
        <line num="383" type="stmt" count="1"/>
        <line num="384" type="stmt" count="1"/>
        <line num="385" type="stmt" count="1"/>
        <line num="387" type="stmt" count="1"/>
        <line num="388" type="stmt" count="1"/>
        <line num="390" type="stmt" count="1"/>
        <line num="392" type="stmt" count="1"/>
        <line num="393" type="stmt" count="1"/>
        <line num="398" type="stmt" count="1"/>
        <line num="399" type="stmt" count="1"/>
        <line num="400" type="stmt" count="1"/>
        <line num="401" type="stmt" count="1"/>
        <line num="403" type="stmt" count="1"/>
        <line num="405" type="stmt" count="1"/>
        <line num="406" type="stmt" count="1"/>
        <line num="407" type="stmt" count="1"/>
        <line num="408" type="stmt" count="1"/>
        <line num="409" type="stmt" count="1"/>
        <line num="410" type="stmt" count="1"/>
        <line num="411" type="stmt" count="1"/>
        <line num="412" type="stmt" count="1"/>
        <line num="413" type="stmt" count="1"/>
        <line num="414" type="stmt" count="1"/>
        <line num="415" type="stmt" count="1"/>
        <line num="416" type="stmt" count="1"/>
        <line num="417" type="stmt" count="1"/>
        <line num="418" type="stmt" count="1"/>
        <line num="419" type="stmt" count="1"/>
        <line num="420" type="stmt" count="1"/>
        <line num="421" type="stmt" count="1"/>
        <line num="422" type="stmt" count="1"/>
        <line num="423" type="stmt" count="1"/>
        <line num="424" type="stmt" count="1"/>
        <line num="425" type="stmt" count="1"/>
        <line num="426" type="stmt" count="1"/>
        <line num="427" type="stmt" count="1"/>
        <line num="428" type="stmt" count="1"/>
        <line num="429" type="stmt" count="1"/>
        <line num="430" type="stmt" count="1"/>
        <line num="432" type="stmt" count="1"/>
        <line num="433" type="stmt" count="1"/>
        <line num="434" type="stmt" count="1"/>
        <line num="435" type="stmt" count="1"/>
        <line num="437" type="stmt" count="1"/>
        <line num="438" type="stmt" count="1"/>
        <line num="439" type="stmt" count="1"/>
        <line num="440" type="stmt" count="1"/>
        <line num="441" type="stmt" count="1"/>
        <line num="442" type="stmt" count="1"/>
        <line num="443" type="stmt" count="1"/>
        <line num="444" type="stmt" count="1"/>
        <line num="445" type="stmt" count="1"/>
        <line num="447" type="stmt" count="1"/>
        <line num="448" type="stmt" count="1"/>
        <line num="449" type="stmt" count="1"/>
        <line num="451" type="stmt" count="1"/>
        <line num="453" type="stmt" count="1"/>
        <line num="454" type="stmt" count="1"/>
        <line num="457" type="stmt" count="1"/>
        <line num="459" type="stmt" count="1"/>
        <line num="462" type="method" name="composeWhereForQueryBuilder" visibility="public" complexity="17" crap="17" count="1"/>
        <line num="464" type="stmt" count="1"/>
        <line num="465" type="stmt" count="1"/>
        <line num="468" type="stmt" count="1"/>
        <line num="469" type="stmt" count="1"/>
        <line num="470" type="stmt" count="1"/>
        <line num="471" type="stmt" count="1"/>
        <line num="472" type="stmt" count="1"/>
        <line num="473" type="stmt" count="1"/>
        <line num="474" type="stmt" count="1"/>
        <line num="475" type="stmt" count="1"/>
        <line num="476" type="stmt" count="1"/>
        <line num="477" type="stmt" count="1"/>
        <line num="478" type="stmt" count="1"/>
        <line num="479" type="stmt" count="1"/>
        <line num="480" type="stmt" count="1"/>
        <line num="481" type="stmt" count="1"/>
        <line num="482" type="stmt" count="1"/>
        <line num="483" type="stmt" count="1"/>
        <line num="484" type="stmt" count="1"/>
        <line num="485" type="stmt" count="1"/>
        <line num="486" type="stmt" count="1"/>
        <line num="487" type="stmt" count="1"/>
        <line num="488" type="stmt" count="1"/>
        <line num="489" type="stmt" count="1"/>
        <line num="490" type="stmt" count="1"/>
        <line num="491" type="stmt" count="1"/>
        <line num="492" type="stmt" count="1"/>
        <line num="493" type="stmt" count="1"/>
        <line num="494" type="stmt" count="1"/>
        <line num="495" type="stmt" count="1"/>
        <line num="496" type="stmt" count="1"/>
        <line num="497" type="stmt" count="1"/>
        <line num="498" type="stmt" count="1"/>
        <line num="499" type="stmt" count="1"/>
        <line num="500" type="stmt" count="1"/>
        <line num="501" type="stmt" count="1"/>
        <line num="503" type="stmt" count="1"/>
        <line num="504" type="stmt" count="1"/>
        <line num="505" type="stmt" count="1"/>
        <line num="506" type="stmt" count="1"/>
        <line num="508" type="stmt" count="1"/>
        <line num="509" type="stmt" count="1"/>
        <line num="510" type="stmt" count="1"/>
        <line num="511" type="stmt" count="1"/>
        <line num="512" type="stmt" count="1"/>
        <line num="513" type="stmt" count="1"/>
        <line num="514" type="stmt" count="1"/>
        <line num="515" type="stmt" count="1"/>
        <line num="516" type="stmt" count="1"/>
        <line num="517" type="stmt" count="1"/>
        <line num="519" type="stmt" count="1"/>
        <line num="521" type="stmt" count="1"/>
        <line num="523" type="method" name="anonymous function" complexity="1" crap="1" count="1"/>
        <line num="524" type="stmt" count="1"/>
        <line num="525" type="stmt" count="1"/>
        <line num="527" type="stmt" count="1"/>
        <line num="531" type="stmt" count="1"/>
        <line num="534" type="stmt" count="1"/>
        <line num="537" type="stmt" count="1"/>
        <metrics loc="539" ncloc="452" classes="1" methods="8" coveredmethods="8" conditionals="0" coveredconditionals="0" statements="244" coveredstatements="244" elements="252" coveredelements="252"/>
      </file>
    </package>
    <package name="HeimrichHannot\UtilsBundle\Date">
      <file name="/home/travis/build/heimrichhannot/contao-utils-bundle/src/Date/DateUtil.php">
        <class name="DateUtil" namespace="HeimrichHannot\UtilsBundle\Date">
          <metrics complexity="16" methods="4" coveredmethods="4" conditionals="0" coveredconditionals="0" statements="42" coveredstatements="42" elements="46" coveredelements="46"/>
        </class>
        <line num="18" type="method" name="__construct" visibility="public" complexity="1" crap="1" count="85"/>
        <line num="20" type="stmt" count="85"/>
        <line num="21" type="stmt" count="85"/>
        <line num="23" type="method" name="getTimePeriodInSeconds" visibility="public" complexity="6" crap="6" count="1"/>
        <line num="25" type="stmt" count="1"/>
        <line num="27" type="stmt" count="1"/>
        <line num="28" type="stmt" count="1"/>
        <line num="31" type="stmt" count="1"/>
        <line num="33" type="stmt" count="1"/>
        <line num="34" type="stmt" count="1"/>
        <line num="35" type="stmt" count="1"/>
        <line num="36" type="stmt" count="1"/>
        <line num="37" type="stmt" count="1"/>
        <line num="38" type="stmt" count="1"/>
        <line num="39" type="stmt" count="1"/>
        <line num="40" type="stmt" count="1"/>
        <line num="41" type="stmt" count="1"/>
        <line num="42" type="stmt" count="1"/>
        <line num="45" type="stmt" count="1"/>
        <line num="55" type="method" name="transformPhpDateFormatToRFC3339" visibility="public" complexity="3" crap="3" count="83"/>
        <line num="58" type="stmt" count="83"/>
        <line num="98" type="stmt" count="83"/>
        <line num="100" type="stmt" count="83"/>
        <line num="101" type="stmt" count="83"/>
        <line num="102" type="stmt" count="6"/>
        <line num="105" type="stmt" count="83"/>
        <line num="108" type="stmt" count="83"/>
        <line num="118" type="method" name="formatPhpDateToJsDate" visibility="public" complexity="6" crap="6" count="1"/>
        <line num="122" type="stmt" count="1"/>
        <line num="156" type="stmt" count="1"/>
        <line num="157" type="stmt" count="1"/>
        <line num="159" type="stmt" count="1"/>
        <line num="160" type="stmt" count="1"/>
        <line num="161" type="stmt" count="1"/>
        <line num="162" type="stmt" count="1"/>
        <line num="163" type="stmt" count="1"/>
        <line num="164" type="stmt" count="1"/>
        <line num="166" type="stmt" count="1"/>
        <line num="168" type="stmt" count="1"/>
        <line num="170" type="stmt" count="1"/>
        <line num="171" type="stmt" count="1"/>
        <line num="172" type="stmt" count="1"/>
        <line num="174" type="stmt" count="1"/>
        <line num="175" type="stmt" count="1"/>
        <line num="177" type="stmt" count="1"/>
        <line num="182" type="stmt" count="1"/>
        <metrics loc="184" ncloc="76" classes="1" methods="4" coveredmethods="4" conditionals="0" coveredconditionals="0" statements="42" coveredstatements="42" elements="46" coveredelements="46"/>
      </file>
    </package>
    <package name="HeimrichHannot\UtilsBundle\Dca">
      <file name="/home/travis/build/heimrichhannot/contao-utils-bundle/src/Dca/DcaUtil.php">
        <class name="DcaUtil" namespace="HeimrichHannot\UtilsBundle\Dca">
          <metrics complexity="85" methods="13" coveredmethods="11" conditionals="0" coveredconditionals="0" statements="163" coveredstatements="159" elements="176" coveredelements="170"/>
        </class>
        <line num="34" type="method" name="__construct" visibility="public" complexity="1" crap="1" count="12"/>
        <line num="36" type="stmt" count="12"/>
        <line num="37" type="stmt" count="12"/>
        <line num="54" type="method" name="getConfigByArrayOrCallbackOrFunction" visibility="public" complexity="9" crap="9" count="1"/>
        <line num="56" type="stmt" count="1"/>
        <line num="57" type="stmt" count="1"/>
        <line num="60" type="stmt" count="1"/>
        <line num="61" type="stmt" count="1"/>
        <line num="64" type="stmt" count="1"/>
        <line num="65" type="stmt" count="1"/>
        <line num="67" type="stmt" count="1"/>
        <line num="68" type="stmt" count="1"/>
        <line num="71" type="stmt" count="1"/>
        <line num="73" type="stmt" count="1"/>
        <line num="74" type="stmt" count="1"/>
        <line num="77" type="stmt" count="1"/>
        <line num="78" type="stmt" count="1"/>
        <line num="79" type="stmt" count="1"/>
        <line num="82" type="stmt" count="1"/>
        <line num="90" type="method" name="setDateAdded" visibility="public" complexity="4" crap="4" count="1"/>
        <line num="92" type="stmt" count="1"/>
        <line num="94" type="stmt" count="1"/>
        <line num="95" type="stmt" count="1"/>
        <line num="98" type="stmt" count="1"/>
        <line num="99" type="stmt" count="1"/>
        <line num="106" type="method" name="setDateAddedOnCopy" visibility="public" complexity="4" crap="4" count="1"/>
        <line num="108" type="stmt" count="1"/>
        <line num="110" type="stmt" count="1"/>
        <line num="111" type="stmt" count="1"/>
        <line num="114" type="stmt" count="1"/>
        <line num="115" type="stmt" count="1"/>
        <line num="125" type="method" name="getFields" visibility="public" complexity="14" crap="14" count="1"/>
        <line num="127" type="stmt" count="1"/>
        <line num="129" type="stmt" count="1"/>
        <line num="130" type="stmt" count="1"/>
        <line num="133" type="stmt" count="1"/>
        <line num="134" type="stmt" count="1"/>
        <line num="136" type="stmt" count="1"/>
        <line num="137" type="stmt" count="1"/>
        <line num="140" type="stmt" count="1"/>
        <line num="142" type="stmt" count="1"/>
        <line num="143" type="stmt" count="1"/>
        <line num="146" type="stmt" count="1"/>
        <line num="147" type="stmt" count="1"/>
        <line num="149" type="stmt" count="1"/>
        <line num="153" type="stmt" count="1"/>
        <line num="154" type="stmt" count="1"/>
        <line num="157" type="stmt" count="1"/>
        <line num="168" type="method" name="addOverridableFields" visibility="public" complexity="8" crap="8" count="1"/>
        <line num="170" type="stmt" count="1"/>
        <line num="171" type="stmt" count="1"/>
        <line num="172" type="stmt" count="1"/>
        <line num="174" type="stmt" count="1"/>
        <line num="175" type="stmt" count="1"/>
        <line num="176" type="stmt" count="1"/>
        <line num="178" type="stmt" count="1"/>
        <line num="180" type="stmt" count="1"/>
        <line num="182" type="stmt" count="1"/>
        <line num="183" type="stmt" count="1"/>
        <line num="185" type="stmt" count="1"/>
        <line num="187" type="stmt" count="1"/>
        <line num="190" type="stmt" count="1"/>
        <line num="191" type="stmt" count="1"/>
        <line num="195" type="stmt" count="1"/>
        <line num="198" type="stmt" count="1"/>
        <line num="201" type="stmt" count="1"/>
        <line num="203" type="stmt" count="1"/>
        <line num="204" type="stmt" count="1"/>
        <line num="205" type="stmt" count="1"/>
        <line num="206" type="stmt" count="1"/>
        <line num="208" type="stmt" count="1"/>
        <line num="209" type="stmt" count="1"/>
        <line num="214" type="stmt" count="1"/>
        <line num="230" type="method" name="getOverridableProperty" visibility="public" complexity="8" crap="8" count="1"/>
        <line num="232" type="stmt" count="1"/>
        <line num="233" type="stmt" count="1"/>
        <line num="236" type="stmt" count="1"/>
        <line num="237" type="stmt" count="1"/>
        <line num="238" type="stmt" count="1"/>
        <line num="239" type="stmt" count="1"/>
        <line num="241" type="stmt" count="1"/>
        <line num="242" type="stmt" count="1"/>
        <line num="246" type="stmt" count="1"/>
        <line num="247" type="stmt" count="1"/>
        <line num="248" type="stmt" count="1"/>
        <line num="252" type="stmt" count="1"/>
        <line num="267" type="method" name="flattenPaletteForSubEntities" visibility="public" complexity="11" crap="11" count="1"/>
        <line num="269" type="stmt" count="1"/>
        <line num="271" type="stmt" count="1"/>
        <line num="272" type="stmt" count="1"/>
        <line num="275" type="stmt" count="1"/>
        <line num="276" type="stmt" count="1"/>
        <line num="277" type="stmt" count="1"/>
        <line num="279" type="stmt" count="1"/>
        <line num="281" type="stmt" count="1"/>
        <line num="282" type="stmt" count="1"/>
        <line num="283" type="stmt" count="1"/>
        <line num="284" type="stmt" count="1"/>
        <line num="286" type="stmt" count="1"/>
        <line num="287" type="stmt" count="1"/>
        <line num="292" type="stmt" count="1"/>
        <line num="293" type="stmt" count="1"/>
        <line num="298" type="stmt" count="1"/>
        <line num="299" type="stmt" count="1"/>
        <line num="301" type="stmt" count="1"/>
        <line num="302" type="stmt" count="1"/>
        <line num="306" type="stmt" count="1"/>
        <line num="307" type="stmt" count="1"/>
        <line num="312" type="stmt" count="1"/>
        <line num="314" type="stmt" count="1"/>
        <line num="329" type="method" name="generateAlias" visibility="public" complexity="10" crap="10" count="1"/>
        <line num="331" type="stmt" count="1"/>
        <line num="334" type="stmt" count="1"/>
        <line num="335" type="stmt" count="1"/>
        <line num="336" type="stmt" count="1"/>
        <line num="339" type="stmt" count="1"/>
        <line num="340" type="stmt" count="1"/>
        <line num="346" type="stmt" count="1"/>
        <line num="348" type="stmt" count="1"/>
        <line num="349" type="stmt" count="1"/>
        <line num="353" type="stmt" count="1"/>
        <line num="354" type="stmt" count="1"/>
        <line num="358" type="stmt" count="1"/>
        <line num="359" type="stmt" count="1"/>
        <line num="362" type="stmt" count="1"/>
        <line num="365" type="method" name="addAuthorFieldAndCallback" visibility="public" complexity="1" crap="1.00" count="1"/>
        <line num="367" type="stmt" count="1"/>
        <line num="370" type="stmt" count="1"/>
        <line num="371" type="stmt" count="1"/>
        <line num="374" type="stmt" count="1"/>
        <line num="375" type="stmt" count="1"/>
        <line num="378" type="stmt" count="1"/>
        <line num="379" type="stmt" count="1"/>
        <line num="381" type="stmt" count="1"/>
        <line num="382" type="stmt" count="1"/>
        <line num="383" type="stmt" count="1"/>
        <line num="385" type="stmt" count="1"/>
        <line num="387" type="stmt" count="1"/>
        <line num="390" type="stmt" count="1"/>
        <line num="391" type="stmt" count="1"/>
        <line num="395" type="stmt" count="1"/>
        <line num="397" type="stmt" count="0"/>
        <line num="398" type="stmt" count="0"/>
        <line num="401" type="stmt" count="1"/>
        <line num="408" type="stmt" count="1"/>
        <line num="410" type="stmt" count="1"/>
        <line num="412" type="method" name="setAuthorIDOnCreate" visibility="public" complexity="6" crap="6" count="1"/>
        <line num="414" type="stmt" count="1"/>
        <line num="416" type="stmt" count="1"/>
        <line num="418" type="stmt" count="1"/>
        <line num="419" type="stmt" count="1"/>
        <line num="420" type="stmt" count="1"/>
        <line num="421" type="stmt" count="1"/>
        <line num="424" type="stmt" count="1"/>
        <line num="425" type="stmt" count="1"/>
        <line num="426" type="stmt" count="1"/>
        <line num="427" type="stmt" count="1"/>
        <line num="428" type="stmt" count="1"/>
        <line num="431" type="stmt" count="1"/>
        <line num="432" type="stmt" count="1"/>
        <line num="433" type="stmt" count="1"/>
        <line num="435" type="stmt" count="1"/>
        <line num="437" type="method" name="modifyAuthorPaletteOnLoad" visibility="public" complexity="8" crap="8" count="1"/>
        <line num="439" type="stmt" count="1"/>
        <line num="440" type="stmt" count="1"/>
        <line num="443" type="stmt" count="1"/>
        <line num="444" type="stmt" count="1"/>
        <line num="447" type="stmt" count="1"/>
        <line num="448" type="stmt" count="1"/>
        <line num="451" type="stmt" count="1"/>
        <line num="454" type="stmt" count="1"/>
        <line num="455" type="stmt" count="1"/>
        <line num="458" type="stmt" count="1"/>
        <line num="459" type="method" name="anonymous function" complexity="1" crap="2" count="0"/>
        <line num="460" type="stmt" count="0"/>
        <line num="461" type="stmt" count="0"/>
        <line num="466" type="stmt" count="1"/>
        <metrics loc="467" ncloc="343" classes="1" methods="13" coveredmethods="11" conditionals="0" coveredconditionals="0" statements="164" coveredstatements="160" elements="177" coveredelements="171"/>
      </file>
    </package>
    <package name="HeimrichHannot\UtilsBundle\DependencyInjection">
      <file name="/home/travis/build/heimrichhannot/contao-utils-bundle/src/DependencyInjection/UtilsExtension.php">
        <class name="UtilsExtension" namespace="HeimrichHannot\UtilsBundle\DependencyInjection">
          <metrics complexity="1" methods="1" coveredmethods="1" conditionals="0" coveredconditionals="0" statements="3" coveredstatements="3" elements="4" coveredelements="4"/>
        </class>
        <line num="21" type="method" name="load" visibility="public" complexity="1" crap="1" count="1"/>
        <line num="23" type="stmt" count="1"/>
        <line num="25" type="stmt" count="1"/>
        <line num="26" type="stmt" count="1"/>
        <metrics loc="27" ncloc="19" classes="1" methods="1" coveredmethods="1" conditionals="0" coveredconditionals="0" statements="3" coveredstatements="3" elements="4" coveredelements="4"/>
      </file>
    </package>
    <package name="HeimrichHannot\UtilsBundle\Driver">
      <file name="/home/travis/build/heimrichhannot/contao-utils-bundle/src/Driver/DC_Table_Utils.php">
        <class name="DC_Table_Utils" namespace="HeimrichHannot\UtilsBundle\Driver" fullPackage="DC.Table">
          <metrics complexity="36" methods="3" coveredmethods="2" conditionals="0" coveredconditionals="0" statements="74" coveredstatements="34" elements="77" coveredelements="36"/>
        </class>
        <line num="25" type="method" name="__construct" visibility="public" complexity="33" crap="340.06" count="3"/>
        <line num="27" type="stmt" count="3"/>
        <line num="30" type="stmt" count="3"/>
        <line num="33" type="stmt" count="3"/>
        <line num="34" type="stmt" count="0"/>
        <line num="35" type="stmt" count="0"/>
        <line num="36" type="stmt" count="0"/>
        <line num="40" type="stmt" count="3"/>
        <line num="43" type="stmt" count="3"/>
        <line num="44" type="stmt" count="0"/>
        <line num="45" type="stmt" count="0"/>
        <line num="49" type="stmt" count="3"/>
        <line num="50" type="stmt" count="0"/>
        <line num="51" type="stmt" count="0"/>
        <line num="55" type="stmt" count="3"/>
        <line num="56" type="stmt" count="0"/>
        <line num="58" type="stmt" count="0"/>
        <line num="59" type="stmt" count="0"/>
        <line num="62" type="stmt" count="0"/>
        <line num="63" type="stmt" count="0"/>
        <line num="64" type="stmt" count="0"/>
        <line num="66" type="stmt" count="0"/>
        <line num="67" type="stmt" count="0"/>
        <line num="68" type="stmt" count="0"/>
        <line num="69" type="stmt" count="0"/>
        <line num="70" type="stmt" count="0"/>
        <line num="71" type="stmt" count="0"/>
        <line num="72" type="stmt" count="0"/>
        <line num="73" type="stmt" count="0"/>
        <line num="75" type="stmt" count="0"/>
        <line num="76" type="stmt" count="0"/>
        <line num="77" type="stmt" count="0"/>
        <line num="80" type="stmt" count="0"/>
        <line num="83" type="stmt" count="0"/>
        <line num="84" type="stmt" count="0"/>
        <line num="87" type="stmt" count="0"/>
        <line num="91" type="stmt" count="3"/>
        <line num="92" type="stmt" count="3"/>
        <line num="93" type="stmt" count="3"/>
        <line num="94" type="stmt" count="3"/>
        <line num="95" type="stmt" count="3"/>
        <line num="96" type="stmt" count="3"/>
        <line num="101" type="stmt" count="3"/>
        <line num="102" type="stmt" count="0"/>
        <line num="105" type="stmt" count="0"/>
        <line num="106" type="stmt" count="0"/>
        <line num="108" type="stmt" count="0"/>
        <line num="109" type="stmt" count="0"/>
        <line num="112" type="stmt" count="0"/>
        <line num="113" type="stmt" count="0"/>
        <line num="116" type="stmt" count="3"/>
        <line num="117" type="stmt" count="3"/>
        <line num="120" type="stmt" count="3"/>
        <line num="121" type="stmt" count="3"/>
        <line num="124" type="stmt" count="3"/>
        <line num="125" type="stmt" count="3"/>
        <line num="126" type="stmt" count="0"/>
        <line num="127" type="stmt" count="0"/>
        <line num="129" type="stmt" count="0"/>
        <line num="130" type="stmt" count="0"/>
        <line num="131" type="stmt" count="0"/>
        <line num="133" type="stmt" count="3"/>
        <line num="142" type="method" name="createFromModel" visibility="public" complexity="1" crap="1" count="1"/>
        <line num="144" type="stmt" count="1"/>
        <line num="146" type="stmt" count="1"/>
        <line num="148" type="stmt" count="1"/>
        <line num="149" type="stmt" count="1"/>
        <line num="150" type="stmt" count="1"/>
        <line num="152" type="stmt" count="1"/>
        <line num="164" type="method" name="createFromModelData" visibility="public" complexity="2" crap="2" count="1"/>
        <line num="166" type="stmt" count="1"/>
        <line num="168" type="stmt" count="1"/>
        <line num="169" type="stmt" count="1"/>
        <line num="170" type="stmt" count="1"/>
        <line num="172" type="stmt" count="1"/>
        <line num="173" type="stmt" count="1"/>
        <line num="176" type="stmt" count="1"/>
        <metrics loc="178" ncloc="128" classes="1" methods="3" coveredmethods="2" conditionals="0" coveredconditionals="0" statements="74" coveredstatements="34" elements="77" coveredelements="36"/>
      </file>
    </package>
    <package name="HeimrichHannot\UtilsBundle\File">
      <file name="/home/travis/build/heimrichhannot/contao-utils-bundle/src/File/FileUtil.php">
        <class name="FileUtil" namespace="HeimrichHannot\UtilsBundle\File">
          <metrics complexity="64" methods="14" coveredmethods="13" conditionals="0" coveredconditionals="0" statements="111" coveredstatements="106" elements="125" coveredelements="119"/>
        </class>
        <line num="24" type="method" name="__construct" visibility="public" complexity="1" crap="1" count="13"/>
        <line num="26" type="stmt" count="13"/>
        <line num="27" type="stmt" count="13"/>
        <line num="39" type="method" name="getUniqueFileNameWithinTarget" visibility="public" complexity="9" crap="9" count="1"/>
        <line num="41" type="stmt" count="1"/>
        <line num="43" type="stmt" count="1"/>
        <line num="44" type="stmt" count="1"/>
        <line num="46" type="stmt" count="1"/>
        <line num="47" type="stmt" count="1"/>
        <line num="48" type="stmt" count="1"/>
        <line num="52" type="stmt" count="1"/>
        <line num="53" type="stmt" count="1"/>
        <line num="56" type="stmt" count="1"/>
        <line num="57" type="stmt" count="1"/>
        <line num="61" type="stmt" count="1"/>
        <line num="63" type="stmt" count="1"/>
        <line num="64" type="stmt" count="1"/>
        <line num="68" type="stmt" count="1"/>
        <line num="71" type="stmt" count="1"/>
        <line num="72" type="stmt" count="1"/>
        <line num="75" type="stmt" count="1"/>
        <line num="78" type="stmt" count="1"/>
        <line num="90" type="method" name="getFileList" visibility="public" complexity="7" crap="7" count="1"/>
        <line num="92" type="stmt" count="1"/>
        <line num="94" type="stmt" count="1"/>
        <line num="95" type="stmt" count="1"/>
        <line num="96" type="stmt" count="1"/>
        <line num="97" type="stmt" count="1"/>
        <line num="98" type="stmt" count="1"/>
        <line num="101" type="stmt" count="1"/>
        <line num="102" type="stmt" count="1"/>
        <line num="104" type="stmt" count="1"/>
        <line num="105" type="stmt" count="1"/>
        <line num="107" type="stmt" count="1"/>
        <line num="110" type="stmt" count="1"/>
        <line num="111" type="stmt" count="1"/>
        <line num="113" type="stmt" count="1"/>
        <line num="116" type="stmt" count="1"/>
        <line num="120" type="stmt" count="1"/>
        <line num="122" type="stmt" count="1"/>
        <line num="125" type="method" name="formatSizeUnits" visibility="public" complexity="12" crap="12" count="2"/>
        <line num="127" type="stmt" count="2"/>
        <line num="128" type="stmt" count="1"/>
        <line num="129" type="stmt" count="2"/>
        <line num="130" type="stmt" count="1"/>
        <line num="131" type="stmt" count="2"/>
        <line num="132" type="stmt" count="1"/>
        <line num="133" type="stmt" count="2"/>
        <line num="134" type="stmt" count="2"/>
        <line num="135" type="stmt" count="1"/>
        <line num="136" type="stmt" count="1"/>
        <line num="138" type="stmt" count="1"/>
        <line num="141" type="stmt" count="2"/>
        <line num="144" type="method" name="getPathWithoutFilename" visibility="public" complexity="2" crap="2" count="1"/>
        <line num="146" type="stmt" count="1"/>
        <line num="148" type="stmt" count="1"/>
        <line num="149" type="stmt" count="1"/>
        <line num="152" type="stmt" count="1"/>
        <line num="155" type="method" name="getFileExtension" visibility="public" complexity="1" crap="1" count="1"/>
        <line num="157" type="stmt" count="1"/>
        <line num="166" type="method" name="getPathFromUuid" visibility="public" complexity="4" crap="4" count="5"/>
        <line num="168" type="stmt" count="5"/>
        <line num="169" type="stmt" count="5"/>
        <line num="170" type="stmt" count="1"/>
        <line num="173" type="stmt" count="5"/>
        <line num="174" type="stmt" count="5"/>
        <line num="178" type="stmt" count="4"/>
        <line num="187" type="method" name="getFileFromUuid" visibility="public" complexity="3" crap="3" count="1"/>
        <line num="189" type="stmt" count="1"/>
        <line num="190" type="stmt" count="1"/>
        <line num="191" type="stmt" count="1"/>
        <line num="194" type="stmt" count="1"/>
        <line num="196" type="stmt" count="1"/>
        <line num="204" type="method" name="getFolderFromUuid" visibility="public" complexity="2" crap="2" count="3"/>
        <line num="206" type="stmt" count="3"/>
        <line num="207" type="stmt" count="3"/>
        <line num="210" type="stmt" count="2"/>
        <line num="223" type="method" name="addUniqueIdToFilename" visibility="public" complexity="3" crap="3" count="2"/>
        <line num="225" type="stmt" count="2"/>
        <line num="227" type="stmt" count="2"/>
        <line num="229" type="stmt" count="2"/>
        <line num="241" type="method" name="sanitizeFileName" visibility="public" complexity="6" crap="6" count="1"/>
        <line num="243" type="stmt" count="1"/>
        <line num="245" type="stmt" count="1"/>
        <line num="247" type="stmt" count="1"/>
        <line num="249" type="stmt" count="1"/>
        <line num="250" type="stmt" count="1"/>
        <line num="253" type="stmt" count="1"/>
        <line num="254" type="stmt" count="1"/>
        <line num="257" type="stmt" count="1"/>
        <line num="259" type="stmt" count="1"/>
        <line num="262" type="method" name="sendTextAsFileToBrowser" visibility="public" complexity="1" crap="2" count="0"/>
        <line num="264" type="stmt" count="0"/>
        <line num="265" type="stmt" count="0"/>
        <line num="266" type="stmt" count="0"/>
        <line num="267" type="stmt" count="0"/>
        <line num="268" type="stmt" count="0"/>
        <line num="281" type="method" name="getFolderFromDca" visibility="public" complexity="10" crap="10" count="1"/>
        <line num="284" type="stmt" count="1"/>
        <line num="285" type="stmt" count="1"/>
        <line num="286" type="stmt" count="1"/>
        <line num="287" type="stmt" count="1"/>
        <line num="288" type="stmt" count="1"/>
        <line num="289" type="stmt" count="1"/>
        <line num="290" type="stmt" count="1"/>
        <line num="291" type="stmt" count="1"/>
        <line num="292" type="stmt" count="1"/>
        <line num="296" type="stmt" count="1"/>
        <line num="297" type="stmt" count="1"/>
        <line num="298" type="stmt" count="1"/>
        <line num="299" type="stmt" count="1"/>
        <line num="302" type="stmt" count="1"/>
        <line num="303" type="stmt" count="1"/>
        <line num="304" type="stmt" count="1"/>
        <line num="307" type="stmt" count="1"/>
        <line num="315" type="method" name="getFileLineCount" visibility="public" complexity="3" crap="3" count="1"/>
        <line num="317" type="stmt" count="1"/>
        <line num="319" type="stmt" count="1"/>
        <line num="320" type="stmt" count="1"/>
        <line num="321" type="stmt" count="1"/>
        <line num="324" type="stmt" count="1"/>
        <line num="325" type="stmt" count="1"/>
        <line num="326" type="stmt" count="1"/>
        <line num="329" type="stmt" count="1"/>
        <line num="331" type="stmt" count="1"/>
        <metrics loc="333" ncloc="244" classes="1" methods="14" coveredmethods="13" conditionals="0" coveredconditionals="0" statements="111" coveredstatements="106" elements="125" coveredelements="119"/>
      </file>
    </package>
    <package name="HeimrichHannot\UtilsBundle\Form">
      <file name="/home/travis/build/heimrichhannot/contao-utils-bundle/src/Form/FormUtil.php">
        <class name="FormUtil" namespace="HeimrichHannot\UtilsBundle\Form">
          <metrics complexity="63" methods="3" coveredmethods="3" conditionals="0" coveredconditionals="0" statements="96" coveredstatements="96" elements="99" coveredelements="99"/>
        </class>
        <line num="31" type="method" name="__construct" visibility="public" complexity="1" crap="1" count="8"/>
        <line num="33" type="stmt" count="8"/>
        <line num="34" type="stmt" count="8"/>
        <line num="52" type="method" name="prepareSpecialValueForOutput" visibility="public" complexity="53" crap="53" count="7"/>
        <line num="54" type="stmt" count="7"/>
        <line num="57" type="stmt" count="7"/>
        <line num="60" type="stmt" count="7"/>
        <line num="63" type="stmt" count="7"/>
        <line num="66" type="stmt" count="7"/>
        <line num="68" type="stmt" count="7"/>
        <line num="69" type="stmt" count="7"/>
        <line num="70" type="stmt" count="7"/>
        <line num="74" type="stmt" count="7"/>
        <line num="75" type="stmt" count="1"/>
        <line num="76" type="stmt" count="7"/>
        <line num="77" type="stmt" count="1"/>
        <line num="79" type="stmt" count="7"/>
        <line num="83" type="stmt" count="7"/>
        <line num="84" type="stmt" count="7"/>
        <line num="85" type="stmt" count="1"/>
        <line num="86" type="stmt" count="1"/>
        <line num="88" type="stmt" count="1"/>
        <line num="89" type="stmt" count="1"/>
        <line num="91" type="stmt" count="1"/>
        <line num="92" type="stmt" count="1"/>
        <line num="94" type="stmt" count="1"/>
        <line num="95" type="stmt" count="1"/>
        <line num="99" type="stmt" count="1"/>
        <line num="102" type="stmt" count="1"/>
        <line num="104" type="stmt" count="1"/>
        <line num="109" type="stmt" count="7"/>
        <line num="110" type="stmt" count="2"/>
        <line num="111" type="stmt" count="2"/>
        <line num="113" type="stmt" count="2"/>
        <line num="114" type="stmt" count="1"/>
        <line num="116" type="stmt" count="2"/>
        <line num="117" type="stmt" count="2"/>
        <line num="119" type="stmt" count="2"/>
        <line num="125" type="stmt" count="2"/>
        <line num="127" type="stmt" count="2"/>
        <line num="130" type="stmt" count="7"/>
        <line num="132" type="stmt" count="7"/>
        <line num="133" type="stmt" count="2"/>
        <line num="136" type="stmt" count="7"/>
        <line num="138" type="stmt" count="7"/>
        <line num="139" type="stmt" count="1"/>
        <line num="142" type="stmt" count="7"/>
        <line num="143" type="stmt" count="2"/>
        <line num="146" type="stmt" count="7"/>
        <line num="147" type="stmt" count="1"/>
        <line num="148" type="stmt" count="1"/>
        <line num="151" type="stmt" count="7"/>
        <line num="155" type="stmt" count="7"/>
        <line num="156" type="stmt" count="2"/>
        <line num="158" type="stmt" count="2"/>
        <line num="159" type="stmt" count="1"/>
        <line num="163" type="stmt" count="7"/>
        <line num="164" type="stmt" count="1"/>
        <line num="165" type="stmt" count="1"/>
        <line num="167" type="stmt" count="6"/>
        <line num="168" type="stmt" count="1"/>
        <line num="169" type="stmt" count="1"/>
        <line num="171" type="stmt" count="1"/>
        <line num="172" type="stmt" count="1"/>
        <line num="173" type="stmt" count="1"/>
        <line num="175" type="stmt" count="5"/>
        <line num="176" type="stmt" count="1"/>
        <line num="177" type="stmt" count="5"/>
        <line num="178" type="stmt" count="1"/>
        <line num="179" type="stmt" count="5"/>
        <line num="180" type="stmt" count="1"/>
        <line num="181" type="stmt" count="5"/>
        <line num="182" type="stmt" count="1"/>
        <line num="183" type="stmt" count="1"/>
        <line num="186" type="stmt" count="4"/>
        <line num="187" type="stmt" count="1"/>
        <line num="188" type="stmt" count="4"/>
        <line num="189" type="stmt" count="3"/>
        <line num="193" type="stmt" count="6"/>
        <line num="194" type="stmt" count="2"/>
        <line num="197" type="stmt" count="6"/>
        <line num="198" type="stmt" count="1"/>
        <line num="200" type="stmt" count="1"/>
        <line num="201" type="stmt" count="1"/>
        <line num="206" type="stmt" count="6"/>
        <line num="207" type="stmt" count="5"/>
        <line num="211" type="stmt" count="6"/>
        <line num="214" type="method" name="escapeAllHtmlEntities" visibility="public" complexity="9" crap="9" count="1"/>
        <line num="216" type="stmt" count="1"/>
        <line num="217" type="stmt" count="1"/>
        <line num="220" type="stmt" count="1"/>
        <line num="222" type="stmt" count="1"/>
        <line num="224" type="stmt" count="1"/>
        <line num="226" type="stmt" count="1"/>
        <line num="228" type="stmt" count="1"/>
        <line num="229" type="stmt" count="1"/>
        <line num="231" type="stmt" count="1"/>
        <line num="233" type="stmt" count="1"/>
        <line num="236" type="stmt" count="1"/>
        <metrics loc="238" ncloc="190" classes="1" methods="3" coveredmethods="3" conditionals="0" coveredconditionals="0" statements="96" coveredstatements="96" elements="99" coveredelements="99"/>
      </file>
    </package>
    <package name="HeimrichHannot\UtilsBundle">
      <file name="/home/travis/build/heimrichhannot/contao-utils-bundle/src/HeimrichHannotContaoUtilsBundle.php">
        <class name="HeimrichHannotContaoUtilsBundle" namespace="HeimrichHannot\UtilsBundle">
          <metrics complexity="1" methods="1" coveredmethods="1" conditionals="0" coveredconditionals="0" statements="1" coveredstatements="1" elements="2" coveredelements="2"/>
        </class>
        <line num="19" type="method" name="getContainerExtension" visibility="public" complexity="1" crap="1" count="1"/>
        <line num="21" type="stmt" count="1"/>
        <metrics loc="23" ncloc="15" classes="1" methods="1" coveredmethods="1" conditionals="0" coveredconditionals="0" statements="1" coveredstatements="1" elements="2" coveredelements="2"/>
      </file>
    </package>
    <package name="HeimrichHannot\UtilsBundle\Image">
      <file name="/home/travis/build/heimrichhannot/contao-utils-bundle/src/Image/ImageUtil.php">
        <class name="ImageUtil" namespace="HeimrichHannot\UtilsBundle\Image">
          <metrics complexity="55" methods="2" coveredmethods="2" conditionals="0" coveredconditionals="0" statements="102" coveredstatements="102" elements="104" coveredelements="104"/>
        </class>
        <line num="27" type="method" name="__construct" visibility="public" complexity="1" crap="1" count="3"/>
        <line num="29" type="stmt" count="3"/>
        <line num="30" type="stmt" count="3"/>
        <line num="32" type="method" name="addToTemplateData" visibility="public" complexity="54" crap="54" count="3"/>
        <line num="42" type="stmt" count="3"/>
        <line num="45" type="stmt" count="3"/>
        <line num="46" type="stmt" count="1"/>
        <line num="47" type="stmt" count="1"/>
        <line num="48" type="stmt" count="1"/>
        <line num="51" type="stmt" count="3"/>
        <line num="52" type="stmt" count="3"/>
        <line num="54" type="stmt" count="3"/>
        <line num="55" type="stmt" count="1"/>
        <line num="56" type="stmt" count="3"/>
        <line num="57" type="stmt" count="3"/>
        <line num="60" type="stmt" count="3"/>
        <line num="62" type="stmt" count="3"/>
        <line num="63" type="stmt" count="1"/>
        <line num="66" type="stmt" count="3"/>
        <line num="69" type="stmt" count="3"/>
        <line num="70" type="stmt" count="3"/>
        <line num="73" type="stmt" count="3"/>
        <line num="75" type="stmt" count="2"/>
        <line num="76" type="stmt" count="2"/>
        <line num="79" type="stmt" count="2"/>
        <line num="80" type="stmt" count="1"/>
        <line num="81" type="stmt" count="1"/>
        <line num="83" type="stmt" count="2"/>
        <line num="87" type="stmt" count="2"/>
        <line num="89" type="stmt" count="2"/>
        <line num="91" type="stmt" count="2"/>
        <line num="92" type="stmt" count="2"/>
        <line num="97" type="stmt" count="3"/>
        <line num="98" type="stmt" count="1"/>
        <line num="102" type="stmt" count="3"/>
        <line num="103" type="stmt" count="3"/>
        <line num="106" type="stmt" count="2"/>
        <line num="107" type="stmt" count="2"/>
        <line num="110" type="stmt" count="2"/>
        <line num="111" type="stmt" count="2"/>
        <line num="113" type="stmt" count="1"/>
        <line num="114" type="stmt" count="1"/>
        <line num="116" type="stmt" count="1"/>
        <line num="117" type="stmt" count="1"/>
        <line num="121" type="stmt" count="3"/>
        <line num="122" type="stmt" count="3"/>
        <line num="123" type="stmt" count="3"/>
        <line num="126" type="stmt" count="3"/>
        <line num="129" type="stmt" count="3"/>
        <line num="130" type="stmt" count="2"/>
        <line num="131" type="stmt" count="2"/>
        <line num="133" type="stmt" count="2"/>
        <line num="135" type="stmt" count="2"/>
        <line num="136" type="stmt" count="2"/>
        <line num="139" type="stmt" count="1"/>
        <line num="142" type="stmt" count="2"/>
        <line num="145" type="stmt" count="2"/>
        <line num="146" type="stmt" count="2"/>
        <line num="147" type="stmt" count="2"/>
        <line num="151" type="stmt" count="2"/>
        <line num="152" type="stmt" count="2"/>
        <line num="153" type="stmt" count="2"/>
        <line num="156" type="stmt" count="2"/>
        <line num="157" type="stmt" count="2"/>
        <line num="159" type="stmt" count="2"/>
        <line num="160" type="stmt" count="2"/>
        <line num="161" type="stmt" count="2"/>
        <line num="162" type="stmt" count="2"/>
        <line num="165" type="stmt" count="2"/>
        <line num="166" type="stmt" count="2"/>
        <line num="172" type="stmt" count="3"/>
        <line num="175" type="stmt" count="3"/>
        <line num="176" type="stmt" count="1"/>
        <line num="177" type="stmt" count="1"/>
        <line num="180" type="stmt" count="3"/>
        <line num="181" type="stmt" count="2"/>
        <line num="184" type="stmt" count="3"/>
        <line num="187" type="stmt" count="3"/>
        <line num="188" type="stmt" count="2"/>
        <line num="192" type="stmt" count="3"/>
        <line num="193" type="stmt" count="1"/>
        <line num="197" type="stmt" count="3"/>
        <line num="200" type="stmt" count="3"/>
        <line num="201" type="stmt" count="2"/>
        <line num="202" type="stmt" count="2"/>
        <line num="204" type="stmt" count="2"/>
        <line num="206" type="stmt" count="2"/>
        <line num="208" type="stmt" count="1"/>
        <line num="209" type="stmt" count="1"/>
        <line num="212" type="stmt" count="1"/>
        <line num="214" type="stmt" count="2"/>
        <line num="218" type="stmt" count="2"/>
        <line num="219" type="stmt" count="2"/>
        <line num="220" type="stmt" count="2"/>
        <line num="224" type="stmt" count="3"/>
        <line num="225" type="stmt" count="2"/>
        <line num="229" type="stmt" count="3"/>
        <line num="230" type="stmt" count="3"/>
        <line num="231" type="stmt" count="3"/>
        <line num="232" type="stmt" count="3"/>
        <line num="233" type="stmt" count="3"/>
        <line num="234" type="stmt" count="3"/>
        <line num="235" type="stmt" count="3"/>
        <line num="236" type="stmt" count="3"/>
        <metrics loc="237" ncloc="189" classes="1" methods="2" coveredmethods="2" conditionals="0" coveredconditionals="0" statements="102" coveredstatements="102" elements="104" coveredelements="104"/>
      </file>
    </package>
    <package name="HeimrichHannot\UtilsBundle\Model">
      <file name="/home/travis/build/heimrichhannot/contao-utils-bundle/src/Model/CfgTagModel.php">
        <class name="CfgTagModel" namespace="HeimrichHannot\UtilsBundle\Model">
          <metrics complexity="5" methods="3" coveredmethods="3" conditionals="0" coveredconditionals="0" statements="11" coveredstatements="11" elements="14" coveredelements="14"/>
        </class>
        <line num="22" type="method" name="__construct" visibility="public" complexity="1" crap="1" count="2"/>
        <line num="24" type="stmt" count="2"/>
        <line num="25" type="stmt" count="2"/>
        <line num="33" type="method" name="findAllBySource" visibility="public" complexity="2" crap="2" count="1"/>
        <line num="36" type="stmt" count="1"/>
        <line num="37" type="stmt" count="1"/>
        <line num="40" type="stmt" count="1"/>
        <line num="43" type="method" name="getSourcesAsOptions" visibility="public" complexity="2" crap="2" count="1"/>
        <line num="45" type="stmt" count="1"/>
        <line num="46" type="stmt" count="1"/>
        <line num="48" type="stmt" count="1"/>
        <line num="49" type="stmt" count="1"/>
        <line num="51" type="stmt" count="1"/>
        <line num="54" type="stmt" count="1"/>
        <metrics loc="56" ncloc="43" classes="1" methods="3" coveredmethods="3" conditionals="0" coveredconditionals="0" statements="11" coveredstatements="11" elements="14" coveredelements="14"/>
      </file>
      <file name="/home/travis/build/heimrichhannot/contao-utils-bundle/src/Model/ModelUtil.php">
        <class name="ModelUtil" namespace="HeimrichHannot\UtilsBundle\Model">
          <metrics complexity="18" methods="6" coveredmethods="6" conditionals="0" coveredconditionals="0" statements="24" coveredstatements="24" elements="30" coveredelements="30"/>
        </class>
        <line num="19" type="method" name="__construct" visibility="public" complexity="1" crap="1" count="6"/>
        <line num="21" type="stmt" count="6"/>
        <line num="22" type="stmt" count="6"/>
        <line num="34" type="method" name="findModelInstanceByPk" visibility="public" complexity="3" crap="3" count="3"/>
        <line num="37" type="stmt" count="3"/>
        <line num="38" type="stmt" count="1"/>
        <line num="41" type="stmt" count="3"/>
        <line num="42" type="stmt" count="1"/>
        <line num="45" type="stmt" count="3"/>
        <line num="58" type="method" name="findModelInstancesBy" visibility="public" complexity="3" crap="3" count="1"/>
        <line num="61" type="stmt" count="1"/>
        <line num="62" type="stmt" count="1"/>
        <line num="65" type="stmt" count="1"/>
        <line num="66" type="stmt" count="1"/>
        <line num="69" type="stmt" count="1"/>
        <line num="82" type="method" name="findOneModelInstanceBy" visibility="public" complexity="3" crap="3" count="1"/>
        <line num="85" type="stmt" count="1"/>
        <line num="86" type="stmt" count="1"/>
        <line num="89" type="stmt" count="1"/>
        <line num="90" type="stmt" count="1"/>
        <line num="93" type="stmt" count="1"/>
        <line num="106" type="method" name="findRootParentRecursively" visibility="public" complexity="5" crap="5" count="1"/>
        <line num="108" type="stmt" count="1"/>
        <line num="109" type="stmt" count="1"/>
        <line num="112" type="stmt" count="1"/>
        <line num="124" type="method" name="findParentsRecursively" visibility="public" complexity="3" crap="3" count="1"/>
        <line num="126" type="stmt" count="1"/>
        <line num="128" type="stmt" count="1"/>
        <line num="129" type="stmt" count="1"/>
        <line num="132" type="stmt" count="1"/>
        <metrics loc="134" ncloc="76" classes="1" methods="6" coveredmethods="6" conditionals="0" coveredconditionals="0" statements="24" coveredstatements="24" elements="30" coveredelements="30"/>
      </file>
    </package>
    <package name="HeimrichHannot\UtilsBundle\Request">
      <file name="/home/travis/build/heimrichhannot/contao-utils-bundle/src/Request/CurlRequest.php">
        <class name="CurlRequest" namespace="HeimrichHannot\UtilsBundle\Request">
          <metrics complexity="6" methods="6" coveredmethods="6" conditionals="0" coveredconditionals="0" statements="9" coveredstatements="9" elements="15" coveredelements="15"/>
        </class>
        <line num="18" type="method" name="__construct" visibility="public" complexity="1" crap="1" count="1"/>
        <line num="20" type="stmt" count="1"/>
        <line num="23" type="method" name="init" visibility="public" complexity="1" crap="1" count="1"/>
        <line num="25" type="stmt" count="1"/>
        <line num="27" type="stmt" count="1"/>
        <line num="30" type="method" name="setOption" visibility="public" complexity="1" crap="1" count="1"/>
        <line num="32" type="stmt" count="1"/>
        <line num="34" type="stmt" count="1"/>
        <line num="37" type="method" name="execute" visibility="public" complexity="1" crap="1" count="1"/>
        <line num="39" type="stmt" count="1"/>
        <line num="42" type="method" name="getInfo" visibility="public" complexity="1" crap="1" count="1"/>
        <line num="44" type="stmt" count="1"/>
        <line num="47" type="method" name="close" visibility="public" complexity="1" crap="1" count="1"/>
        <line num="49" type="stmt" count="1"/>
        <line num="50" type="stmt" count="1"/>
        <metrics loc="51" ncloc="43" classes="1" methods="6" coveredmethods="6" conditionals="0" coveredconditionals="0" statements="9" coveredstatements="9" elements="15" coveredelements="15"/>
      </file>
      <file name="/home/travis/build/heimrichhannot/contao-utils-bundle/src/Request/CurlRequestUtil.php">
        <class name="CurlRequestUtil" namespace="HeimrichHannot\UtilsBundle\Request">
          <metrics complexity="32" methods="11" coveredmethods="11" conditionals="0" coveredconditionals="0" statements="75" coveredstatements="75" elements="86" coveredelements="86"/>
        </class>
        <line num="31" type="method" name="__construct" visibility="public" complexity="1" crap="1" count="8"/>
        <line num="33" type="stmt" count="8"/>
        <line num="34" type="stmt" count="8"/>
        <line num="35" type="stmt" count="8"/>
        <line num="46" type="method" name="request" visibility="public" complexity="6" crap="6" count="3"/>
        <line num="48" type="stmt" count="3"/>
        <line num="50" type="stmt" count="3"/>
        <line num="51" type="stmt" count="3"/>
        <line num="54" type="stmt" count="3"/>
        <line num="55" type="stmt" count="1"/>
        <line num="58" type="stmt" count="3"/>
        <line num="59" type="stmt" count="3"/>
        <line num="62" type="stmt" count="3"/>
        <line num="63" type="stmt" count="3"/>
        <line num="64" type="stmt" count="3"/>
        <line num="66" type="stmt" count="3"/>
        <line num="67" type="stmt" count="3"/>
        <line num="70" type="stmt" count="2"/>
        <line num="83" type="method" name="postRequest" visibility="public" complexity="7" crap="7" count="3"/>
        <line num="85" type="stmt" count="3"/>
        <line num="87" type="stmt" count="3"/>
        <line num="88" type="stmt" count="3"/>
        <line num="91" type="stmt" count="3"/>
        <line num="92" type="stmt" count="2"/>
        <line num="95" type="stmt" count="3"/>
        <line num="96" type="stmt" count="1"/>
        <line num="99" type="stmt" count="3"/>
        <line num="100" type="stmt" count="1"/>
        <line num="101" type="stmt" count="1"/>
        <line num="104" type="stmt" count="3"/>
        <line num="106" type="stmt" count="3"/>
        <line num="107" type="stmt" count="3"/>
        <line num="109" type="stmt" count="3"/>
        <line num="110" type="stmt" count="2"/>
        <line num="113" type="stmt" count="3"/>
        <line num="127" type="method" name="recursiveGetRequest" visibility="public" complexity="3" crap="3" count="1"/>
        <line num="129" type="stmt" count="1"/>
        <line num="130" type="stmt" count="1"/>
        <line num="131" type="stmt" count="1"/>
        <line num="133" type="stmt" count="1"/>
        <line num="134" type="stmt" count="1"/>
        <line num="136" type="stmt" count="1"/>
        <line num="139" type="stmt" count="1"/>
        <line num="154" type="method" name="recursivePostRequest" visibility="public" complexity="3" crap="3" count="1"/>
        <line num="156" type="stmt" count="1"/>
        <line num="157" type="stmt" count="1"/>
        <line num="158" type="stmt" count="1"/>
        <line num="160" type="stmt" count="1"/>
        <line num="161" type="stmt" count="1"/>
        <line num="163" type="stmt" count="1"/>
        <line num="166" type="stmt" count="1"/>
        <line num="175" type="method" name="splitResponseHeaderAndBody" visibility="public" complexity="3" crap="3" count="5"/>
        <line num="177" type="stmt" count="5"/>
        <line num="179" type="stmt" count="5"/>
        <line num="180" type="stmt" count="5"/>
        <line num="181" type="stmt" count="5"/>
        <line num="183" type="stmt" count="5"/>
        <line num="184" type="stmt" count="5"/>
        <line num="185" type="stmt" count="5"/>
        <line num="187" type="stmt" count="5"/>
        <line num="188" type="stmt" count="5"/>
        <line num="192" type="stmt" count="5"/>
        <line num="202" type="method" name="prepareHeaderArrayForPrint" visibility="public" complexity="3" crap="3" count="1"/>
        <line num="204" type="stmt" count="1"/>
        <line num="205" type="stmt" count="1"/>
        <line num="207" type="stmt" count="1"/>
        <line num="208" type="stmt" count="1"/>
        <line num="210" type="stmt" count="1"/>
        <line num="211" type="stmt" count="1"/>
        <line num="215" type="stmt" count="1"/>
        <line num="221" type="method" name="getHandle" visibility="public" complexity="1" crap="1" count="1"/>
        <line num="223" type="stmt" count="1"/>
        <line num="229" type="method" name="setHandle" visibility="public" complexity="1" crap="1" count="6"/>
        <line num="231" type="stmt" count="6"/>
        <line num="232" type="stmt" count="6"/>
        <line num="241" type="method" name="createCurlHandle" visibility="protected" complexity="2" crap="2" count="6"/>
        <line num="243" type="stmt" count="6"/>
        <line num="244" type="stmt" count="6"/>
        <line num="245" type="stmt" count="6"/>
        <line num="246" type="stmt" count="6"/>
        <line num="248" type="stmt" count="6"/>
        <line num="258" type="method" name="prepareHeaders" visibility="protected" complexity="2" crap="2" count="2"/>
        <line num="260" type="stmt" count="2"/>
        <line num="262" type="stmt" count="2"/>
        <line num="263" type="stmt" count="2"/>
        <line num="266" type="stmt" count="2"/>
        <metrics loc="268" ncloc="179" classes="1" methods="11" coveredmethods="11" conditionals="0" coveredconditionals="0" statements="75" coveredstatements="75" elements="86" coveredelements="86"/>
      </file>
      <file name="/home/travis/build/heimrichhannot/contao-utils-bundle/src/Routing/RoutingUtil.php">
        <class name="RoutingUtil" namespace="HeimrichHannot\UtilsBundle\Request">
          <metrics complexity="4" methods="2" coveredmethods="2" conditionals="0" coveredconditionals="0" statements="10" coveredstatements="10" elements="12" coveredelements="12"/>
        </class>
        <line num="37" type="method" name="__construct" visibility="public" complexity="1" crap="1" count="1"/>
        <line num="39" type="stmt" count="1"/>
        <line num="40" type="stmt" count="1"/>
        <line num="41" type="stmt" count="1"/>
        <line num="42" type="stmt" count="1"/>
        <line num="43" type="stmt" count="1"/>
        <line num="54" type="method" name="generateBackendRoute" visibility="public" complexity="3" crap="3" count="1"/>
        <line num="56" type="stmt" count="1"/>
        <line num="57" type="stmt" count="1"/>
        <line num="59" type="stmt" count="1"/>
        <line num="60" type="stmt" count="1"/>
        <line num="63" type="stmt" count="1"/>
        <metrics loc="65" ncloc="39" classes="1" methods="2" coveredmethods="2" conditionals="0" coveredconditionals="0" statements="10" coveredstatements="10" elements="12" coveredelements="12"/>
      </file>
    </package>
    <file name="/home/travis/build/heimrichhannot/contao-utils-bundle/src/Request/HttpRequestInterface.php">
      <metrics loc="22" ncloc="17" classes="0" methods="0" coveredmethods="0" conditionals="0" coveredconditionals="0" statements="0" coveredstatements="0" elements="0" coveredelements="0"/>
    </file>
    <package name="HeimrichHannot\UtilsBundle\Security">
      <file name="/home/travis/build/heimrichhannot/contao-utils-bundle/src/Security/CodeUtil.php">
        <class name="CodeUtil" namespace="HeimrichHannot\UtilsBundle\Security">
          <metrics complexity="20" methods="3" coveredmethods="3" conditionals="0" coveredconditionals="0" statements="33" coveredstatements="33" elements="36" coveredelements="36"/>
        </class>
        <line num="40" type="method" name="__construct" visibility="public" complexity="1" crap="1" count="3"/>
        <line num="42" type="stmt" count="3"/>
        <line num="43" type="stmt" count="3"/>
        <line num="56" type="method" name="generate" visibility="public" complexity="18" crap="18" count="2"/>
        <line num="63" type="stmt" count="2"/>
        <line num="65" type="stmt" count="2"/>
        <line num="66" type="stmt" count="2"/>
        <line num="67" type="stmt" count="2"/>
        <line num="69" type="stmt" count="2"/>
        <line num="71" type="stmt" count="2"/>
        <line num="74" type="stmt" count="2"/>
        <line num="75" type="stmt" count="1"/>
        <line num="77" type="stmt" count="1"/>
        <line num="78" type="stmt" count="1"/>
        <line num="83" type="stmt" count="2"/>
        <line num="84" type="stmt" count="2"/>
        <line num="86" type="stmt" count="2"/>
        <line num="87" type="stmt" count="1"/>
        <line num="89" type="stmt" count="2"/>
        <line num="92" type="stmt" count="2"/>
        <line num="93" type="stmt" count="2"/>
        <line num="95" type="stmt" count="1"/>
        <line num="98" type="stmt" count="2"/>
        <line num="99" type="stmt" count="2"/>
        <line num="101" type="stmt" count="1"/>
        <line num="104" type="stmt" count="2"/>
        <line num="105" type="stmt" count="1"/>
        <line num="108" type="stmt" count="2"/>
        <line num="110" type="stmt" count="2"/>
        <line num="111" type="stmt" count="2"/>
        <line num="115" type="stmt" count="2"/>
        <line num="117" type="stmt" count="1"/>
        <line num="118" type="stmt" count="2"/>
        <line num="120" type="method" name="anonymous function" complexity="1" crap="1" count="2"/>
        <line num="121" type="stmt" count="1"/>
        <line num="122" type="stmt" count="2"/>
        <line num="125" type="stmt" count="2"/>
        <metrics loc="127" ncloc="104" classes="1" methods="3" coveredmethods="3" conditionals="0" coveredconditionals="0" statements="34" coveredstatements="34" elements="37" coveredelements="37"/>
      </file>
      <file name="/home/travis/build/heimrichhannot/contao-utils-bundle/src/Security/EncryptionUtil.php">
        <class name="EncryptionUtil" namespace="HeimrichHannot\UtilsBundle\Security">
          <metrics complexity="6" methods="3" coveredmethods="3" conditionals="0" coveredconditionals="0" statements="10" coveredstatements="10" elements="13" coveredelements="13"/>
        </class>
        <line num="19" type="method" name="__construct" visibility="public" complexity="1" crap="1" count="10"/>
        <line num="21" type="stmt" count="10"/>
        <line num="22" type="stmt" count="10"/>
        <line num="24" type="method" name="encrypt" visibility="public" complexity="3" crap="3" count="2"/>
        <line num="26" type="stmt" count="2"/>
        <line num="28" type="stmt" count="2"/>
        <line num="29" type="stmt" count="2"/>
        <line num="30" type="stmt" count="2"/>
        <line num="32" type="stmt" count="2"/>
        <line num="35" type="stmt" count="1"/>
        <line num="38" type="method" name="decrypt" visibility="public" complexity="2" crap="2" count="2"/>
        <line num="40" type="stmt" count="2"/>
        <line num="42" type="stmt" count="2"/>
        <metrics loc="44" ncloc="38" classes="1" methods="3" coveredmethods="3" conditionals="0" coveredconditionals="0" statements="10" coveredstatements="10" elements="13" coveredelements="13"/>
      </file>
    </package>
    <package name="HeimrichHannot\UtilsBundle\String">
      <file name="/home/travis/build/heimrichhannot/contao-utils-bundle/src/String/StringUtil.php">
        <class name="StringUtil" namespace="HeimrichHannot\UtilsBundle\String">
          <metrics complexity="17" methods="4" coveredmethods="4" conditionals="0" coveredconditionals="0" statements="5" coveredstatements="5" elements="9" coveredelements="9"/>
        </class>
        <line num="25" type="method" name="__construct" visibility="public" complexity="1" crap="1" count="22"/>
        <line num="27" type="stmt" count="22"/>
        <line num="28" type="stmt" count="22"/>
        <line num="38" type="method" name="startsWith" visibility="public" complexity="2" crap="2" count="3"/>
        <line num="40" type="stmt" count="3"/>
        <line num="51" type="method" name="endsWith" visibility="public" complexity="3" crap="3" count="2"/>
        <line num="54" type="stmt" count="2"/>
        <line num="57" type="method" name="camelCaseToDashed" visibility="public" complexity="1" crap="1" count="1"/>
        <line num="59" type="stmt" count="1"/>
        <metrics loc="127" ncloc="75" classes="1" methods="4" coveredmethods="4" conditionals="0" coveredconditionals="0" statements="5" coveredstatements="5" elements="9" coveredelements="9"/>
      </file>
    </package>
    <package name="HeimrichHannot\UtilsBundle\Url">
      <file name="/home/travis/build/heimrichhannot/contao-utils-bundle/src/Url/UrlUtil.php">
        <class name="UrlUtil" namespace="HeimrichHannot\UtilsBundle\Url">
          <metrics complexity="30" methods="7" coveredmethods="6" conditionals="0" coveredconditionals="0" statements="76" coveredstatements="54" elements="83" coveredelements="60"/>
        </class>
        <line num="22" type="method" name="__construct" visibility="public" complexity="1" crap="1" count="5"/>
        <line num="24" type="stmt" count="5"/>
        <line num="25" type="stmt" count="5"/>
        <line num="27" type="method" name="getCurrentUrl" visibility="public" complexity="3" crap="3" count="1"/>
        <line num="29" type="stmt" count="1"/>
        <line num="31" type="stmt" count="1"/>
        <line num="32" type="stmt" count="1"/>
        <line num="35" type="stmt" count="1"/>
        <line num="48" type="method" name="addQueryString" visibility="public" complexity="4" crap="4" count="1"/>
        <line num="50" type="stmt" count="1"/>
        <line num="51" type="stmt" count="1"/>
        <line num="52" type="stmt" count="1"/>
        <line num="54" type="stmt" count="1"/>
        <line num="56" type="stmt" count="1"/>
        <line num="57" type="stmt" count="1"/>
        <line num="59" type="stmt" count="1"/>
        <line num="62" type="stmt" count="1"/>
        <line num="64" type="stmt" count="1"/>
        <line num="65" type="stmt" count="1"/>
        <line num="67" type="stmt" count="1"/>
        <line num="69" type="stmt" count="1"/>
        <line num="70" type="stmt" count="1"/>
        <line num="71" type="stmt" count="1"/>
        <line num="72" type="stmt" count="1"/>
        <line num="73" type="stmt" count="1"/>
        <line num="76" type="stmt" count="1"/>
        <line num="87" type="method" name="removeQueryString" visibility="public" complexity="4" crap="4" count="2"/>
        <line num="89" type="stmt" count="2"/>
        <line num="91" type="stmt" count="2"/>
        <line num="92" type="stmt" count="2"/>
        <line num="95" type="stmt" count="1"/>
        <line num="97" type="stmt" count="1"/>
        <line num="98" type="stmt" count="1"/>
        <line num="100" type="stmt" count="1"/>
        <line num="102" type="stmt" count="1"/>
        <line num="105" type="stmt" count="1"/>
        <line num="107" type="stmt" count="1"/>
        <line num="108" type="stmt" count="1"/>
        <line num="110" type="stmt" count="1"/>
        <line num="112" type="stmt" count="1"/>
        <line num="113" type="stmt" count="1"/>
        <line num="116" type="stmt" count="1"/>
        <line num="125" type="method" name="getJumpToPageObject" visibility="public" complexity="5" crap="5" count="1"/>
        <line num="127" type="stmt" count="1"/>
        <line num="129" type="stmt" count="1"/>
        <line num="130" type="stmt" count="1"/>
        <line num="131" type="stmt" count="1"/>
        <line num="134" type="stmt" count="1"/>
        <line num="143" type="method" name="redirect" visibility="public" complexity="8" crap="72" count="0"/>
        <line num="145" type="stmt" count="0"/>
        <line num="146" type="stmt" count="0"/>
        <line num="149" type="stmt" count="0"/>
        <line num="152" type="stmt" count="0"/>
        <line num="153" type="stmt" count="0"/>
        <line num="157" type="stmt" count="0"/>
        <line num="158" type="stmt" count="0"/>
        <line num="159" type="stmt" count="0"/>
        <line num="163" type="stmt" count="0"/>
        <line num="164" type="stmt" count="0"/>
        <line num="165" type="stmt" count="0"/>
        <line num="167" type="stmt" count="0"/>
        <line num="168" type="stmt" count="0"/>
        <line num="169" type="stmt" count="0"/>
        <line num="171" type="stmt" count="0"/>
        <line num="172" type="stmt" count="0"/>
        <line num="173" type="stmt" count="0"/>
        <line num="175" type="stmt" count="0"/>
        <line num="176" type="stmt" count="0"/>
        <line num="177" type="stmt" count="0"/>
        <line num="180" type="stmt" count="0"/>
        <line num="183" type="stmt" count="0"/>
        <line num="193" type="method" name="prepareUrl" visibility="protected" complexity="5" crap="5" count="3"/>
        <line num="195" type="stmt" count="3"/>
        <line num="196" type="stmt" count="1"/>
        <line num="197" type="stmt" count="3"/>
        <line num="198" type="stmt" count="1"/>
        <line num="199" type="stmt" count="1"/>
        <line num="202" type="stmt" count="1"/>
        <line num="204" type="stmt" count="1"/>
        <line num="206" type="stmt" count="1"/>
        <line num="207" type="stmt" count="1"/>
        <line num="211" type="stmt" count="3"/>
        <line num="213" type="stmt" count="3"/>
        <metrics loc="215" ncloc="166" classes="1" methods="7" coveredmethods="6" conditionals="0" coveredconditionals="0" statements="76" coveredstatements="54" elements="83" coveredelements="60"/>
      </file>
    </package>
    <metrics files="28" loc="3946" ncloc="2881" classes="27" methods="121" coveredmethods="115" conditionals="0" coveredconditionals="0" statements="1227" coveredstatements="1155" elements="1348" coveredelements="1270"/>
  </project>
</coverage>
